<?xml version="1.0" encoding="UTF-8"?>
<testsuite xmlns:xsi="http://www.w3.org/2001/XMLSchema-instance" xsi:noNamespaceSchemaLocation="https://maven.apache.org/surefire/maven-surefire-plugin/xsd/surefire-test-report-3.0.xsd" version="3.0" name="Service.UserServiceTest" time="0.206" tests="3" errors="0" skipped="0" failures="0">
  <properties>
    <property name="java.specification.version" value="22"/>
    <property name="sun.cpu.isalist" value="amd64"/>
    <property name="sun.jnu.encoding" value="Cp1252"/>
    <property name="java.class.path" value="C:\Users\shash\Downloads\test1\RevTaskManagement\target\test-classes;C:\Users\shash\Downloads\test1\RevTaskManagement\target\classes;C:\Users\shash\.m2\repository\com\mysql\mysql-connector-j\8.4.0\mysql-connector-j-8.4.0.jar;C:\Users\shash\.m2\repository\com\google\protobuf\protobuf-java\3.25.1\protobuf-java-3.25.1.jar;C:\Users\shash\.m2\repository\junit\junit\4.13.2\junit-4.13.2.jar;C:\Users\shash\.m2\repository\org\hamcrest\hamcrest-core\1.3\hamcrest-core-1.3.jar;C:\Users\shash\.m2\repository\org\mockito\mockito-core\3.12.4\mockito-core-3.12.4.jar;C:\Users\shash\.m2\repository\net\bytebuddy\byte-buddy\1.11.13\byte-buddy-1.11.13.jar;C:\Users\shash\.m2\repository\net\bytebuddy\byte-buddy-agent\1.11.13\byte-buddy-agent-1.11.13.jar;C:\Users\shash\.m2\repository\org\objenesis\objenesis\3.2\objenesis-3.2.jar;C:\Users\shash\.m2\repository\com\h2database\h2\1.4.200\h2-1.4.200.jar;C:\Users\shash\.m2\repository\org\junit\jupiter\junit-jupiter\5.11.0-M2\junit-jupiter-5.11.0-M2.jar;C:\Users\shash\.m2\repository\org\junit\jupiter\junit-jupiter-api\5.11.0-M2\junit-jupiter-api-5.11.0-M2.jar;C:\Users\shash\.m2\repository\org\opentest4j\opentest4j\1.3.0\opentest4j-1.3.0.jar;C:\Users\shash\.m2\repository\org\junit\platform\junit-platform-commons\1.11.0-M2\junit-platform-commons-1.11.0-M2.jar;C:\Users\shash\.m2\repository\org\apiguardian\apiguardian-api\1.1.2\apiguardian-api-1.1.2.jar;C:\Users\shash\.m2\repository\org\junit\jupiter\junit-jupiter-params\5.11.0-M2\junit-jupiter-params-5.11.0-M2.jar;C:\Users\shash\.m2\repository\org\junit\jupiter\junit-jupiter-engine\5.11.0-M2\junit-jupiter-engine-5.11.0-M2.jar;C:\Users\shash\.m2\repository\org\junit\platform\junit-platform-engine\1.11.0-M2\junit-platform-engine-1.11.0-M2.jar;"/>
    <property name="java.vm.vendor" value="Oracle Corporation"/>
    <property name="sun.arch.data.model" value="64"/>
    <property name="user.variant" value=""/>
    <property name="java.vendor.url" value="https://java.oracle.com/"/>
    <property name="user.timezone" value="Asia/Calcutta"/>
    <property name="os.name" value="Windows 11"/>
    <property name="java.vm.specification.version" value="22"/>
    <property name="sun.java.launcher" value="SUN_STANDARD"/>
    <property name="user.country" value="IN"/>
    <property name="sun.boot.library.path" value="C:\Program Files\Java\jdk-22\bin"/>
    <property name="sun.java.command" value="C:\Users\shash\AppData\Local\Temp\surefire8038331935930783298\surefirebooter-20240712181042572_3.jar C:\Users\shash\AppData\Local\Temp\surefire8038331935930783298 2024-07-12T18-10-41_133-jvmRun1 surefire-20240712181042572_1tmp surefire_0-20240712181042572_2tmp"/>
    <property name="jdk.debug" value="release"/>
    <property name="surefire.test.class.path" value="C:\Users\shash\Downloads\test1\RevTaskManagement\target\test-classes;C:\Users\shash\Downloads\test1\RevTaskManagement\target\classes;C:\Users\shash\.m2\repository\com\mysql\mysql-connector-j\8.4.0\mysql-connector-j-8.4.0.jar;C:\Users\shash\.m2\repository\com\google\protobuf\protobuf-java\3.25.1\protobuf-java-3.25.1.jar;C:\Users\shash\.m2\repository\junit\junit\4.13.2\junit-4.13.2.jar;C:\Users\shash\.m2\repository\org\hamcrest\hamcrest-core\1.3\hamcrest-core-1.3.jar;C:\Users\shash\.m2\repository\org\mockito\mockito-core\3.12.4\mockito-core-3.12.4.jar;C:\Users\shash\.m2\repository\net\bytebuddy\byte-buddy\1.11.13\byte-buddy-1.11.13.jar;C:\Users\shash\.m2\repository\net\bytebuddy\byte-buddy-agent\1.11.13\byte-buddy-agent-1.11.13.jar;C:\Users\shash\.m2\repository\org\objenesis\objenesis\3.2\objenesis-3.2.jar;C:\Users\shash\.m2\repository\com\h2database\h2\1.4.200\h2-1.4.200.jar;C:\Users\shash\.m2\repository\org\junit\jupiter\junit-jupiter\5.11.0-M2\junit-jupiter-5.11.0-M2.jar;C:\Users\shash\.m2\repository\org\junit\jupiter\junit-jupiter-api\5.11.0-M2\junit-jupiter-api-5.11.0-M2.jar;C:\Users\shash\.m2\repository\org\opentest4j\opentest4j\1.3.0\opentest4j-1.3.0.jar;C:\Users\shash\.m2\repository\org\junit\platform\junit-platform-commons\1.11.0-M2\junit-platform-commons-1.11.0-M2.jar;C:\Users\shash\.m2\repository\org\apiguardian\apiguardian-api\1.1.2\apiguardian-api-1.1.2.jar;C:\Users\shash\.m2\repository\org\junit\jupiter\junit-jupiter-params\5.11.0-M2\junit-jupiter-params-5.11.0-M2.jar;C:\Users\shash\.m2\repository\org\junit\jupiter\junit-jupiter-engine\5.11.0-M2\junit-jupiter-engine-5.11.0-M2.jar;C:\Users\shash\.m2\repository\org\junit\platform\junit-platform-engine\1.11.0-M2\junit-platform-engine-1.11.0-M2.jar;"/>
    <property name="sun.cpu.endian" value="little"/>
    <property name="user.home" value="C:\Users\shash"/>
    <property name="user.language" value="en"/>
    <property name="java.specification.vendor" value="Oracle Corporation"/>
    <property name="java.version.date" value="2024-04-16"/>
    <property name="java.home" value="C:\Program Files\Java\jdk-22"/>
    <property name="file.separator" value="\"/>
    <property name="basedir" value="C:\Users\shash\Downloads\test1\RevTaskManagement"/>
    <property name="java.vm.compressedOopsMode" value="32-bit"/>
    <property name="line.separator" value="&#10;"/>
    <property name="java.vm.specification.vendor" value="Oracle Corporation"/>
    <property name="java.specification.name" value="Java Platform API Specification"/>
    <property name="surefire.real.class.path" value="C:\Users\shash\AppData\Local\Temp\surefire8038331935930783298\surefirebooter-20240712181042572_3.jar"/>
    <property name="user.script" value=""/>
    <property name="sun.management.compiler" value="HotSpot 64-Bit Tiered Compilers"/>
    <property name="java.runtime.version" value="22.0.1+8-16"/>
    <property name="user.name" value="shash"/>
    <property name="stdout.encoding" value="Cp1252"/>
    <property name="path.separator" value=";"/>
    <property name="os.version" value="10.0"/>
    <property name="java.runtime.name" value="Java(TM) SE Runtime Environment"/>
    <property name="file.encoding" value="UTF-8"/>
    <property name="java.vm.name" value="Java HotSpot(TM) 64-Bit Server VM"/>
    <property name="localRepository" value="C:\Users\shash\.m2\repository"/>
    <property name="java.vendor.url.bug" value="https://bugreport.java.com/bugreport/"/>
    <property name="java.io.tmpdir" value="C:\Users\shash\AppData\Local\Temp\"/>
    <property name="idea.version" value="2024.1.3"/>
    <property name="java.version" value="22.0.1"/>
    <property name="user.dir" value="C:\Users\shash\Downloads\test1\RevTaskManagement"/>
    <property name="os.arch" value="amd64"/>
    <property name="java.vm.specification.name" value="Java Virtual Machine Specification"/>
    <property name="sun.os.patch.level" value=""/>
    <property name="native.encoding" value="Cp1252"/>
    <property name="java.library.path" value="C:\Program Files\Java\jdk-22\bin;C:\WINDOWS\Sun\Java\bin;C:\WINDOWS\system32;C:\WINDOWS;C:\Program Files\Common Files\Oracle\Java\javapath;C:\Windows\system32;C:\Windows;C:\Windows\System32\Wbem;C:\Windows\System32\WindowsPowerShell\v1.0\;C:\Windows\System32\OpenSSH\;C:\Program Files (x86)\NVIDIA Corporation\PhysX\Common;C:\Program Files\NVIDIA Corporation\NVIDIA NvDLISR;C:\WINDOWS\system32;C:\WINDOWS;C:\WINDOWS\System32\Wbem;C:\WINDOWS\System32\WindowsPowerShell\v1.0\;C:\WINDOWS\System32\OpenSSH\;C:\MinGW\bin;C:\Users\shash\OneDrive\Desktop\Prog;C:\Program Files\Git\cmd;C:\Users\shash\OneDrive\Documents\New folder\apache-maven-3.9.8\bin;C:\Users\shash\AppData\Local\Programs\Python\Python312\Scripts\;C:\Users\shash\AppData\Local\Programs\Python\Python312\;C:\Program Files\MySQL\MySQL Shell 8.0\bin\;C:\Users\shash\AppData\Local\Programs\Python\Python311\Scripts\;C:\Users\shash\AppData\Local\Programs\Python\Python311\;C:\Users\shash\AppData\Local\Microsoft\WindowsApps;C:\Users\shash\AppData\Local\Programs\Microsoft VS Code\bin;C:\Program Files\Java\jdk-22\bin;C:\Users\shash\OneDrive\Documents\New folder\apache-maven-3.9.8\apache-maven\src\bin;C:\Users\shash\AppData\Local\Programs\mongosh\;."/>
    <property name="java.vm.info" value="mixed mode, sharing"/>
    <property name="stderr.encoding" value="Cp1252"/>
    <property name="java.vendor" value="Oracle Corporation"/>
    <property name="java.vm.version" value="22.0.1+8-16"/>
    <property name="sun.io.unicode.encoding" value="UnicodeLittle"/>
    <property name="java.class.version" value="66.0"/>
  </properties>
  <testcase name="testLoginUserSuccess" classname="Service.UserServiceTest" time="0.114"/>
  <testcase name="testLoginUserFailure" classname="Service.UserServiceTest" time="0.06"/>
  <testcase name="testGetUserRoleById" classname="Service.UserServiceTest" time="0.024"/>
</testsuite>